SF:lib/app/utils/date_utils.dart
DA:4,1
DA:5,1
DA:6,1
DA:9,1
DA:10,1
LF:5
LH:5
end_of_record
SF:lib/app/config/di/dependency_inyector.dart
DA:24,0
DA:26,0
DA:27,0
DA:28,0
DA:29,0
DA:30,0
DA:31,0
LF:7
LH:0
end_of_record
SF:lib/app/config/di/modules/api_modules.dart
DA:3,0
DA:4,0
DA:5,0
DA:7,0
DA:8,0
DA:9,0
DA:10,0
DA:11,0
DA:12,0
DA:13,0
DA:22,0
DA:24,0
DA:26,0
LF:13
LH:0
end_of_record
SF:lib/app/config/di/modules/local_modules.dart
DA:3,0
DA:4,0
DA:5,0
DA:7,0
DA:8,0
LF:5
LH:0
end_of_record
SF:lib/app/config/di/modules/remote_modules.dart
DA:3,0
DA:4,0
DA:5,0
LF:3
LH:0
end_of_record
SF:lib/app/config/di/modules/repository_modules.dart
DA:3,0
DA:4,0
DA:5,0
DA:7,0
DA:8,0
LF:5
LH:0
end_of_record
SF:lib/app/config/di/modules/ui_modules.dart
DA:3,0
DA:4,0
DA:5,0
DA:8,0
DA:9,0
LF:5
LH:0
end_of_record
SF:lib/app/config/env_base.dart
DA:2,0
DA:10,0
DA:11,0
DA:17,0
DA:18,0
LF:5
LH:0
end_of_record
SF:lib/app/constants/app_urls.dart
DA:10,0
DA:13,0
DA:16,0
DA:19,0
LF:4
LH:0
end_of_record
SF:lib/app/l10n/context_extensions.dart
DA:5,0
DA:9,0
LF:2
LH:0
end_of_record
SF:lib/app/routes/routes.dart
DA:4,0
DA:6,0
DA:7,0
DA:10,0
LF:4
LH:0
end_of_record
SF:lib/app/theme/theme.dart
DA:23,0
DA:31,0
DA:32,0
DA:34,0
DA:36,0
DA:37,0
DA:40,0
DA:41,0
DA:43,0
DA:46,0
DA:48,0
DA:50,0
DA:51,0
DA:53,0
DA:55,0
DA:58,0
DA:60,0
DA:62,0
DA:68,0
DA:70,0
DA:86,0
DA:109,0
DA:110,0
DA:112,0
DA:113,0
DA:115,0
DA:116,0
DA:118,0
DA:120,0
DA:122,0
DA:139,0
DA:140,0
DA:142,0
DA:146,0
DA:147,0
DA:169,0
DA:171,0
DA:188,0
DA:193,0
DA:211,0
DA:212,0
DA:214,0
DA:215,0
DA:217,0
DA:218,0
DA:220,0
DA:222,0
DA:224,0
DA:241,0
DA:242,0
DA:244,0
DA:248,0
DA:249,0
LF:53
LH:0
end_of_record
SF:lib/app/types/result.dart
DA:2,0
DA:7,0
DA:8,0
DA:11,0
DA:12,0
DA:13,0
DA:16,0
DA:17,0
DA:18,0
DA:19,0
DA:25,0
DA:30,0
DA:34,2
LF:13
LH:1
end_of_record
SF:lib/app/utils/int_utils.dart
DA:2,0
DA:4,0
LF:2
LH:0
end_of_record
SF:lib/data/data_source/template_local_data_source.dart
DA:6,0
DA:12,0
DA:18,0
DA:19,0
DA:21,0
DA:25,0
DA:28,0
DA:29,0
DA:31,0
DA:35,0
DA:38,0
DA:39,0
DA:41,0
DA:45,0
DA:51,0
DA:52,0
DA:54,0
LF:17
LH:0
end_of_record
SF:lib/data/data_source/template_remote_data_source.dart
DA:9,0
DA:14,0
DA:17,0
DA:22,0
DA:23,0
DA:24,0
DA:30,0
DA:32,0
DA:33,0
DA:35,0
DA:37,0
DA:38,0
DA:39,0
LF:13
LH:0
end_of_record
SF:lib/data/network/dio_http_client.dart
DA:13,0
DA:15,0
DA:17,0
DA:21,0
DA:22,0
DA:23,0
DA:24,0
DA:25,0
DA:26,0
DA:28,0
DA:29,0
DA:32,0
DA:43,0
DA:44,0
DA:45,0
DA:47,0
DA:48,0
DA:55,0
DA:56,0
LF:19
LH:0
end_of_record
SF:lib/data/network/interceptors/curl_dio_interceptor.dart
DA:10,0
DA:12,0
DA:15,0
DA:18,0
DA:21,0
DA:27,0
DA:28,0
DA:32,0
DA:35,0
DA:38,0
DA:41,0
DA:45,0
DA:47,0
DA:50,0
DA:51,0
DA:55,0
DA:56,0
DA:57,0
DA:62,0
DA:64,0
DA:65,0
DA:69,0
DA:72,0
DA:76,0
LF:24
LH:0
end_of_record
SF:lib/domain/model/object_entity.dart
DA:7,0
DA:14,0
DA:15,0
DA:18,0
DA:19,0
DA:20,0
DA:21,0
DA:22,0
DA:23,0
DA:24,0
DA:25,0
DA:29,0
DA:30,0
DA:31,0
DA:32,0
DA:33,0
DA:34,0
DA:55,0
DA:72,0
DA:73,0
DA:74,0
DA:75,0
DA:76,0
DA:77,0
DA:78,0
DA:79,0
DA:81,0
DA:82,0
DA:83,0
DA:84,0
DA:85,0
DA:86,0
DA:87,0
DA:88,0
DA:89,0
DA:90,0
DA:94,0
DA:95,0
DA:96,0
DA:97,0
DA:98,0
DA:99,0
DA:100,0
DA:101,0
DA:102,0
DA:103,0
DA:104,0
DA:105,0
DA:106,0
DA:107,0
DA:108,0
DA:109,0
DA:117,0
DA:119,0
DA:121,0
DA:123,0
DA:125,0
DA:132,0
DA:134,0
DA:136,0
DA:138,0
DA:140,0
LF:62
LH:0
end_of_record
SF:lib/domain/repository_implementations/template_local_repository.dart
DA:8,0
DA:10,0
DA:14,0
DA:15,0
DA:16,0
DA:17,0
DA:18,0
DA:21,0
DA:25,0
DA:29,0
DA:30,0
DA:31,0
DA:32,0
DA:33,0
DA:36,0
DA:40,0
DA:43,0
DA:45,0
DA:46,0
DA:47,0
DA:48,0
DA:51,0
DA:55,0
DA:58,0
DA:60,0
DA:61,0
DA:62,0
DA:63,0
DA:66,0
LF:29
LH:0
end_of_record
SF:lib/domain/repository_implementations/template_remote_repository.dart
DA:9,0
DA:11,0
DA:14,0
DA:15,0
DA:16,0
DA:17,0
DA:18,0
DA:21,0
LF:8
LH:0
end_of_record
SF:lib/main.dart
DA:11,0
DA:12,0
DA:13,0
DA:14,0
DA:18,3
DA:20,1
DA:22,1
DA:23,1
DA:24,0
DA:25,0
DA:27,0
DA:29,0
DA:30,0
DA:31,0
DA:32,0
DA:33,0
LF:16
LH:4
end_of_record
SF:lib/presentation/home/bloc/home_state.dart
DA:5,2
LF:1
LH:1
end_of_record
SF:lib/presentation/home/bloc/home_bloc.dart
DA:12,0
DA:15,0
DA:16,0
DA:17,0
DA:18,0
DA:23,0
DA:27,0
DA:28,0
DA:29,0
DA:30,0
DA:31,0
LF:11
LH:0
end_of_record
SF:lib/presentation/home/home_screen.dart
DA:8,2
DA:10,0
DA:12,0
DA:13,0
DA:14,0
DA:16,0
DA:17,0
DA:18,0
DA:19,0
DA:20,0
DA:22,0
DA:23,0
DA:24,0
DA:25,0
DA:26,0
DA:27,0
DA:28,0
DA:30,0
DA:31,0
DA:34,0
DA:35,0
DA:38,0
LF:22
LH:1
end_of_record
SF:lib/presentation/state_handlers/blocs/top_blocs.dart
DA:11,1
DA:13,1
DA:15,1
DA:16,1
DA:17,1
DA:18,0
DA:19,0
DA:20,1
DA:21,3
DA:23,1
LF:10
LH:8
end_of_record
SF:lib/presentation/state_handlers/cubit/global_cubit.dart
DA:14,0
DA:18,0
DA:21,0
DA:22,0
DA:23,0
DA:24,0
DA:25,0
DA:26,0
DA:27,0
DA:32,0
DA:33,0
DA:34,0
DA:35,0
DA:36,0
DA:37,0
DA:41,0
DA:44,0
DA:45,0
DA:46,0
DA:49,0
DA:50,0
DA:53,0
DA:54,0
DA:55,0
DA:56,0
LF:25
LH:0
end_of_record
SF:lib/presentation/home/bloc/home_event.dart
LF:0
LH:0
end_of_record
SF:lib/presentation/state_handlers/cubit/global_state.dart
LF:0
LH:0
end_of_record
